<?xml version="1.0" encoding="UTF-8"?>
<!-- Generated by org.testng.reporters.JUnitXMLReporter -->
<testsuite hostname="DESKTOP-DSBT63E" failures="1" tests="1"
	name="UserBulkWithApprovalChromeBrowser" time="79.143" errors="0"
	timestamp="13 Dec 2023 07:19:44 GMT">
	<testcase classname="com.cucumber.TestRunner.UserBulkWithApprovalRunner"
		name="feature" time="74.263">
		<failure type="cucumber.runtime.CucumberException"
			message="org.openqa.selenium.TimeoutException: Expected condition failed: waiting for visibility of [[ChromeDriver: chrome on windows (3a7b3b5edb9c35baf33d7153a73e0fde)] -&amp;gt; xpath: //*[@id=&amp;quot;verificationfrm1&amp;quot;]/div[1]/div[1]/div/div/div[3]/ul] (tried for 30 second(s) with 8000 milliseconds interval)
Build info: version: &amp;apos;4.12.1&amp;apos;, revision: &amp;apos;8e34639b11&amp;apos;
System info: os.name: &amp;apos;Windows 10&amp;apos;, os.arch: &amp;apos;amd64&amp;apos;, os.version: &amp;apos;10.0&amp;apos;, java.version: &amp;apos;11.0.20&amp;apos;
Driver info: driver.version: unknown">
      <![CDATA[cucumber.runtime.CucumberException: org.openqa.selenium.TimeoutException: Expected condition failed: waiting for visibility of [[ChromeDriver: chrome on windows (3a7b3b5edb9c35baf33d7153a73e0fde)] -> xpath: //*[@id="verificationfrm1"]/div[1]/div[1]/div/div/div[3]/ul] (tried for 30 second(s) with 8000 milliseconds interval)
Build info: version: '4.12.1', revision: '8e34639b11'
System info: os.name: 'Windows 10', os.arch: 'amd64', os.version: '10.0', java.version: '11.0.20'
Driver info: driver.version: unknown
	at cucumber.api.testng.TestNGCucumberRunner.runCucumber(TestNGCucumberRunner.java:69)
	at cucumber.api.testng.AbstractTestNGCucumberTests.feature(AbstractTestNGCucumberTests.java:21)
Caused by: org.openqa.selenium.TimeoutException: Expected condition failed: waiting for visibility of [[ChromeDriver: chrome on windows (3a7b3b5edb9c35baf33d7153a73e0fde)] -> xpath: //*[@id="verificationfrm1"]/div[1]/div[1]/div/div/div[3]/ul] (tried for 30 second(s) with 8000 milliseconds interval)
Build info: version: '4.12.1', revision: '8e34639b11'
System info: os.name: 'Windows 10', os.arch: 'amd64', os.version: '10.0', java.version: '11.0.20'
Driver info: driver.version: unknown
	at org.openqa.selenium.support.ui.FluentWait.timeoutException(FluentWait.java:262)
	at org.openqa.selenium.support.ui.FluentWait.until(FluentWait.java:230)
	at com.cucumber.TestBase.TestBase.waitForElement(TestBase.java:84)
	at com.cucumber.PageObjects.UserBulkWithApprovalPageObjects.uploadthePDFfiles(UserBulkWithApprovalPageObjects.java:141)
	at com.cucumber.stepdefination.UserBulkWithApprovalSteps.upload_the_PDF_files(UserBulkWithApprovalSteps.java:75)
	at âœ½.Then upload the PDF files(src/test/resources/features/UserBulkWithApproval.feature:16)
... Removed 24 stack frames]]>
    </failure>
	</testcase> <!--
	feature -->
</testsuite> <!--
UserBulkWithApprovalChromeBrowser -->
