<?xml version="1.0" encoding="UTF-8"?>
<!-- Generated by org.testng.reporters.JUnitXMLReporter -->
<testsuite hostname="DESKTOP-DSBT63E" failures="1" tests="1"
	name="OrgSalesReciptsChromeBrowser" time="24.822" errors="0"
	timestamp="29 Jan 2024 12:45:40 GMT">
	<testcase classname="com.cucumber.TestRunner.OrgSalesReceiptsRunner"
		name="feature" time="17.124">
		<failure type="cucumber.runtime.CucumberException"
			message="org.openqa.selenium.ElementClickInterceptedException: element click intercepted: Element &amp;lt;input _ngcontent-rsx-c110=&amp;quot;&amp;quot; name=&amp;quot;sh&amp;quot; type=&amp;quot;radio&amp;quot; style=&amp;quot;margin-left: 20px;&amp;quot; class=&amp;quot;ng-untouched ng-pristine ng-valid&amp;quot;&amp;gt; is not clickable at point (323, 272). Other element would receive the click: &amp;lt;div _ngcontent-rsx-c120=&amp;quot;&amp;quot; class=&amp;quot;loader-box&amp;quot;&amp;gt;...&amp;lt;/div&amp;gt;
  (Session info: chrome=121.0.6167.86)
Build info: version: &amp;apos;4.12.1&amp;apos;, revision: &amp;apos;8e34639b11&amp;apos;
System info: os.name: &amp;apos;Windows 10&amp;apos;, os.arch: &amp;apos;amd64&amp;apos;, os.version: &amp;apos;10.0&amp;apos;, java.version: &amp;apos;11.0.20&amp;apos;
Driver info: org.openqa.selenium.chrome.ChromeDriver
Command: [3776f1a1796d7861d041ab50af2fc16f, clickElement {id=18213AF7AACC7EEAACD2177173B3630E_element_2426}]
Capabilities {acceptInsecureCerts: false, browserName: chrome, browserVersion: 121.0.6167.86, chrome: {chromedriverVersion: 121.0.6167.85 (3f98d690ad7e..., userDataDir: C:\Users\admin\AppData\Loca...}, fedcm:accounts: true, goog:chromeOptions: {debuggerAddress: localhost:51332}, networkConnectionEnabled: false, pageLoadStrategy: normal, platformName: windows, proxy: Proxy(), se:cdp: ws://localhost:51332/devtoo..., se:cdpVersion: 121.0.6167.86, setWindowRect: true, strictFileInteractability: false, timeouts: {implicit: 0, pageLoad: 300000, script: 30000}, unhandledPromptBehavior: dismiss and notify, webauthn:extension:credBlob: true, webauthn:extension:largeBlob: true, webauthn:extension:minPinLength: true, webauthn:extension:prf: true, webauthn:virtualAuthenticators: true}
Element: [[ChromeDriver: chrome on windows (3776f1a1796d7861d041ab50af2fc16f)] -&amp;gt; xpath: //label[text()=&amp;apos; Institution Wise Receipts &amp;apos;]/input]
Session ID: 3776f1a1796d7861d041ab50af2fc16f">
      <![CDATA[cucumber.runtime.CucumberException: org.openqa.selenium.ElementClickInterceptedException: element click intercepted: Element <input _ngcontent-rsx-c110="" name="sh" type="radio" style="margin-left: 20px;" class="ng-untouched ng-pristine ng-valid"> is not clickable at point (323, 272). Other element would receive the click: <div _ngcontent-rsx-c120="" class="loader-box">...</div>
  (Session info: chrome=121.0.6167.86)
Build info: version: '4.12.1', revision: '8e34639b11'
System info: os.name: 'Windows 10', os.arch: 'amd64', os.version: '10.0', java.version: '11.0.20'
Driver info: org.openqa.selenium.chrome.ChromeDriver
Command: [3776f1a1796d7861d041ab50af2fc16f, clickElement {id=18213AF7AACC7EEAACD2177173B3630E_element_2426}]
Capabilities {acceptInsecureCerts: false, browserName: chrome, browserVersion: 121.0.6167.86, chrome: {chromedriverVersion: 121.0.6167.85 (3f98d690ad7e..., userDataDir: C:\Users\admin\AppData\Loca...}, fedcm:accounts: true, goog:chromeOptions: {debuggerAddress: localhost:51332}, networkConnectionEnabled: false, pageLoadStrategy: normal, platformName: windows, proxy: Proxy(), se:cdp: ws://localhost:51332/devtoo..., se:cdpVersion: 121.0.6167.86, setWindowRect: true, strictFileInteractability: false, timeouts: {implicit: 0, pageLoad: 300000, script: 30000}, unhandledPromptBehavior: dismiss and notify, webauthn:extension:credBlob: true, webauthn:extension:largeBlob: true, webauthn:extension:minPinLength: true, webauthn:extension:prf: true, webauthn:virtualAuthenticators: true}
Element: [[ChromeDriver: chrome on windows (3776f1a1796d7861d041ab50af2fc16f)] -> xpath: //label[text()=' Institution Wise Receipts ']/input]
Session ID: 3776f1a1796d7861d041ab50af2fc16f
	at cucumber.api.testng.TestNGCucumberRunner.runCucumber(TestNGCucumberRunner.java:69)
	at cucumber.api.testng.AbstractTestNGCucumberTests.feature(AbstractTestNGCucumberTests.java:21)
Caused by: org.openqa.selenium.ElementClickInterceptedException: element click intercepted: Element <input _ngcontent-rsx-c110="" name="sh" type="radio" style="margin-left: 20px;" class="ng-untouched ng-pristine ng-valid"> is not clickable at point (323, 272). Other element would receive the click: <div _ngcontent-rsx-c120="" class="loader-box">...</div>
  (Session info: chrome=121.0.6167.86)
Build info: version: '4.12.1', revision: '8e34639b11'
System info: os.name: 'Windows 10', os.arch: 'amd64', os.version: '10.0', java.version: '11.0.20'
Driver info: org.openqa.selenium.chrome.ChromeDriver
Command: [3776f1a1796d7861d041ab50af2fc16f, clickElement {id=18213AF7AACC7EEAACD2177173B3630E_element_2426}]
Capabilities {acceptInsecureCerts: false, browserName: chrome, browserVersion: 121.0.6167.86, chrome: {chromedriverVersion: 121.0.6167.85 (3f98d690ad7e..., userDataDir: C:\Users\admin\AppData\Loca...}, fedcm:accounts: true, goog:chromeOptions: {debuggerAddress: localhost:51332}, networkConnectionEnabled: false, pageLoadStrategy: normal, platformName: windows, proxy: Proxy(), se:cdp: ws://localhost:51332/devtoo..., se:cdpVersion: 121.0.6167.86, setWindowRect: true, strictFileInteractability: false, timeouts: {implicit: 0, pageLoad: 300000, script: 30000}, unhandledPromptBehavior: dismiss and notify, webauthn:extension:credBlob: true, webauthn:extension:largeBlob: true, webauthn:extension:minPinLength: true, webauthn:extension:prf: true, webauthn:virtualAuthenticators: true}
Element: [[ChromeDriver: chrome on windows (3776f1a1796d7861d041ab50af2fc16f)] -> xpath: //label[text()=' Institution Wise Receipts ']/input]
Session ID: 3776f1a1796d7861d041ab50af2fc16f
	at org.openqa.selenium.remote.codec.w3c.W3CHttpResponseCodec.createException(W3CHttpResponseCodec.java:200)
	at org.openqa.selenium.remote.codec.w3c.W3CHttpResponseCodec.decode(W3CHttpResponseCodec.java:133)
	at org.openqa.selenium.remote.codec.w3c.W3CHttpResponseCodec.decode(W3CHttpResponseCodec.java:52)
	at org.openqa.selenium.remote.HttpCommandExecutor.execute(HttpCommandExecutor.java:191)
	at org.openqa.selenium.remote.service.DriverCommandExecutor.invokeExecute(DriverCommandExecutor.java:196)
	at org.openqa.selenium.remote.service.DriverCommandExecutor.execute(DriverCommandExecutor.java:171)
	at org.openqa.selenium.remote.RemoteWebDriver.execute(RemoteWebDriver.java:602)
	at org.openqa.selenium.remote.RemoteWebElement.execute(RemoteWebElement.java:224)
	at org.openqa.selenium.remote.RemoteWebElement.click(RemoteWebElement.java:77)
	at com.cucumber.PageObjects.OrgSalesReceiptsPageObjects.ClickontheOverallOrganizationReceipts(OrgSalesReceiptsPageObjects.java:59)
	at com.cucumber.stepdefination.OrgSalesReceiptsSteps.click_on_the_Overall_Organization_Receipts(OrgSalesReceiptsSteps.java:44)
	at âœ½.Then Click on the Overall Organization Receipts(src/test/resources/features/OrgSalesRecipts.feature:9)
... Removed 28 stack frames]]>
    </failure>
	</testcase> <!--
	feature -->
</testsuite> <!--
OrgSalesReciptsChromeBrowser -->
