<?xml version="1.0" encoding="UTF-8"?>
<!-- Generated by org.testng.reporters.JUnitXMLReporter -->
<testsuite hostname="DESKTOP-DSBT63E" failures="1" tests="1"
	name="UserGenSingleMobileNumWithless10digitsChromeBrowser" time="3.84"
	errors="0" timestamp="13 Feb 2024 11:46:28 GMT">
	<testcase
		classname="com.cucumber.TestRunner.UserGenSingleMobileWithless10digitsRunner"
		name="feature" time="0.015">
		<failure type="cucumber.runtime.CucumberException"
			message="cucumber.runtime.CucumberException: Arity mismatch: Step Definition &amp;apos;com.cucumber.stepdefination.UserGenSingleMobileNumWithless10digitsSteps.login_institution2_user_by_giving_username_and_password(int) in file:/C:/Users/admin/Desktop/LC_Automation/LC_Automation_Sravanthi/Learning%20Chain%20Automation/target/test-classes/&amp;apos; with pattern [^login institution2 user by giving username and password$] is declared with 1 parameters. However, the gherkin step has 0 arguments []. 
Step: Given login institution2 user by giving username and password">
      <![CDATA[cucumber.runtime.CucumberException: cucumber.runtime.CucumberException: Arity mismatch: Step Definition 'com.cucumber.stepdefination.UserGenSingleMobileNumWithless10digitsSteps.login_institution2_user_by_giving_username_and_password(int) in file:/C:/Users/admin/Desktop/LC_Automation/LC_Automation_Sravanthi/Learning%20Chain%20Automation/target/test-classes/' with pattern [^login institution2 user by giving username and password$] is declared with 1 parameters. However, the gherkin step has 0 arguments []. 
Step: Given login institution2 user by giving username and password
	at cucumber.api.testng.TestNGCucumberRunner.runCucumber(TestNGCucumberRunner.java:69)
	at cucumber.api.testng.AbstractTestNGCucumberTests.feature(AbstractTestNGCucumberTests.java:21)
Caused by: cucumber.runtime.CucumberException: Arity mismatch: Step Definition 'com.cucumber.stepdefination.UserGenSingleMobileNumWithless10digitsSteps.login_institution2_user_by_giving_username_and_password(int) in file:/C:/Users/admin/Desktop/LC_Automation/LC_Automation_Sravanthi/Learning%20Chain%20Automation/target/test-classes/' with pattern [^login institution2 user by giving username and password$] is declared with 1 parameters. However, the gherkin step has 0 arguments []. 
Step: Given login institution2 user by giving username and password
	at cucumber.runtime.StepDefinitionMatch.arityMismatch(StepDefinitionMatch.java:102)
	at cucumber.runtime.StepDefinitionMatch.transformedArgs(StepDefinitionMatch.java:60)
	at cucumber.runtime.StepDefinitionMatch.runStep(StepDefinitionMatch.java:37)
	at cucumber.runtime.Runtime.runStep(Runtime.java:300)
	at cucumber.runtime.model.StepContainer.runStep(StepContainer.java:44)
	at cucumber.runtime.model.StepContainer.runSteps(StepContainer.java:39)
	at cucumber.runtime.model.CucumberScenario.run(CucumberScenario.java:44)
	at cucumber.runtime.model.CucumberFeature.run(CucumberFeature.java:165)
	at cucumber.api.testng.TestNGCucumberRunner.runCucumber(TestNGCucumberRunner.java:63)
	... 24 more
... Removed 23 stack frames]]>
    </failure>
	</testcase> <!--
	feature -->
</testsuite> <!--
UserGenSingleMobileNumWithless10digitsChromeBrowser -->
