<?xml version="1.0" encoding="UTF-8"?>
<!-- Generated by org.testng.reporters.JUnitXMLReporter -->
<testsuite hostname="DESKTOP-DSBT63E" failures="1" tests="1"
	name="UserBulkUploadingandRemovethefileRunnerChromeBrowser" time="36.06"
	errors="0" timestamp="13 Feb 2024 11:47:51 GMT">
	<testcase
		classname="com.cucumber.TestRunner.UserBulkUploadingandRemovethefileRunner"
		name="feature" time="31.986">
		<failure type="cucumber.runtime.CucumberException"
			message="org.openqa.selenium.NoSuchElementException: Cannot locate option with text: Btech
For documentation on this error, please visit: https://www.selenium.dev/documentation/webdriver/troubleshooting/errors#no-such-element-exception
Build info: version: &amp;apos;4.12.1&amp;apos;, revision: &amp;apos;8e34639b11&amp;apos;
System info: os.name: &amp;apos;Windows 10&amp;apos;, os.arch: &amp;apos;amd64&amp;apos;, os.version: &amp;apos;10.0&amp;apos;, java.version: &amp;apos;11.0.20&amp;apos;
Driver info: driver.version: unknown">
      <![CDATA[cucumber.runtime.CucumberException: org.openqa.selenium.NoSuchElementException: Cannot locate option with text: Btech
For documentation on this error, please visit: https://www.selenium.dev/documentation/webdriver/troubleshooting/errors#no-such-element-exception
Build info: version: '4.12.1', revision: '8e34639b11'
System info: os.name: 'Windows 10', os.arch: 'amd64', os.version: '10.0', java.version: '11.0.20'
Driver info: driver.version: unknown
	at cucumber.api.testng.TestNGCucumberRunner.runCucumber(TestNGCucumberRunner.java:69)
	at cucumber.api.testng.AbstractTestNGCucumberTests.feature(AbstractTestNGCucumberTests.java:21)
Caused by: org.openqa.selenium.NoSuchElementException: Cannot locate option with text: Btech
For documentation on this error, please visit: https://www.selenium.dev/documentation/webdriver/troubleshooting/errors#no-such-element-exception
Build info: version: '4.12.1', revision: '8e34639b11'
System info: os.name: 'Windows 10', os.arch: 'amd64', os.version: '10.0', java.version: '11.0.20'
Driver info: driver.version: unknown
	at org.openqa.selenium.support.ui.Select.selectByVisibleText(Select.java:153)
	at com.cucumber.PageObjects.UserBulkUploadingandRemovingthefilePageObjects.selectCertficate(UserBulkUploadingandRemovingthefilePageObjects.java:43)
	at com.cucumber.stepdefination.UserBulkUploadingandRemovingthefileSteps.select_certificateType(UserBulkUploadingandRemovingthefileSteps.java:39)
	at âœ½.When select certificateType(src/test/resources/features/UserBulkUploadandRemovingthefile.feature:8)
... Removed 23 stack frames]]>
    </failure>
	</testcase> <!--
	feature -->
</testsuite> <!--
UserBulkUploadingandRemovethefileRunnerChromeBrowser -->
