<?xml version="1.0" encoding="UTF-8"?>
<!-- Generated by org.testng.reporters.JUnitXMLReporter -->
<testsuite hostname="DESKTOP-DSBT63E" failures="1" tests="1"
	name="UserBulkByUploadingPDFfileChromeBrowser" time="29.838" errors="0"
	timestamp="13 Feb 2024 11:42:23 GMT">
	<testcase
		classname="com.cucumber.TestRunner.UserBulkByUploadingPDFfileRunner"
		name="feature" time="25.904">
		<failure type="cucumber.runtime.CucumberException"
			message="org.openqa.selenium.ElementClickInterceptedException: element click intercepted: Element &amp;lt;input _ngcontent-pqn-c69=&amp;quot;&amp;quot; type=&amp;quot;checkbox&amp;quot; name=&amp;quot;gen_mail_institution&amp;quot; id=&amp;quot;gen_mail_institution&amp;quot; value=&amp;quot;1&amp;quot; class=&amp;quot;form-check-input ng-untouched ng-pristine ng-valid&amp;quot;&amp;gt; is not clickable at point (131, 386). Other element would receive the click: &amp;lt;div class=&amp;quot;swal2-container swal2-center swal2-backdrop-show&amp;quot; style=&amp;quot;overflow-y: auto;&amp;quot;&amp;gt;...&amp;lt;/div&amp;gt;
  (Session info: chrome=121.0.6167.161)
Build info: version: &amp;apos;4.12.1&amp;apos;, revision: &amp;apos;8e34639b11&amp;apos;
System info: os.name: &amp;apos;Windows 10&amp;apos;, os.arch: &amp;apos;amd64&amp;apos;, os.version: &amp;apos;10.0&amp;apos;, java.version: &amp;apos;11.0.20&amp;apos;
Driver info: org.openqa.selenium.chrome.ChromeDriver
Command: [5889ef3ed63793d56adf30ae1fec2317, clickElement {id=F2214E6DC6B3640FED26B777B5883259_element_3706}]
Capabilities {acceptInsecureCerts: false, browserName: chrome, browserVersion: 121.0.6167.161, chrome: {chromedriverVersion: 121.0.6167.85 (3f98d690ad7e..., userDataDir: C:\Users\admin\AppData\Loca...}, fedcm:accounts: true, goog:chromeOptions: {debuggerAddress: localhost:51122}, networkConnectionEnabled: false, pageLoadStrategy: normal, platformName: windows, proxy: Proxy(), se:cdp: ws://localhost:51122/devtoo..., se:cdpVersion: 121.0.6167.161, setWindowRect: true, strictFileInteractability: false, timeouts: {implicit: 0, pageLoad: 300000, script: 30000}, unhandledPromptBehavior: dismiss and notify, webauthn:extension:credBlob: true, webauthn:extension:largeBlob: true, webauthn:extension:minPinLength: true, webauthn:extension:prf: true, webauthn:virtualAuthenticators: true}
Element: [[ChromeDriver: chrome on windows (5889ef3ed63793d56adf30ae1fec2317)] -&amp;gt; xpath: //input[@type=&amp;apos;checkbox&amp;apos;]]
Session ID: 5889ef3ed63793d56adf30ae1fec2317">
      <![CDATA[cucumber.runtime.CucumberException: org.openqa.selenium.ElementClickInterceptedException: element click intercepted: Element <input _ngcontent-pqn-c69="" type="checkbox" name="gen_mail_institution" id="gen_mail_institution" value="1" class="form-check-input ng-untouched ng-pristine ng-valid"> is not clickable at point (131, 386). Other element would receive the click: <div class="swal2-container swal2-center swal2-backdrop-show" style="overflow-y: auto;">...</div>
  (Session info: chrome=121.0.6167.161)
Build info: version: '4.12.1', revision: '8e34639b11'
System info: os.name: 'Windows 10', os.arch: 'amd64', os.version: '10.0', java.version: '11.0.20'
Driver info: org.openqa.selenium.chrome.ChromeDriver
Command: [5889ef3ed63793d56adf30ae1fec2317, clickElement {id=F2214E6DC6B3640FED26B777B5883259_element_3706}]
Capabilities {acceptInsecureCerts: false, browserName: chrome, browserVersion: 121.0.6167.161, chrome: {chromedriverVersion: 121.0.6167.85 (3f98d690ad7e..., userDataDir: C:\Users\admin\AppData\Loca...}, fedcm:accounts: true, goog:chromeOptions: {debuggerAddress: localhost:51122}, networkConnectionEnabled: false, pageLoadStrategy: normal, platformName: windows, proxy: Proxy(), se:cdp: ws://localhost:51122/devtoo..., se:cdpVersion: 121.0.6167.161, setWindowRect: true, strictFileInteractability: false, timeouts: {implicit: 0, pageLoad: 300000, script: 30000}, unhandledPromptBehavior: dismiss and notify, webauthn:extension:credBlob: true, webauthn:extension:largeBlob: true, webauthn:extension:minPinLength: true, webauthn:extension:prf: true, webauthn:virtualAuthenticators: true}
Element: [[ChromeDriver: chrome on windows (5889ef3ed63793d56adf30ae1fec2317)] -> xpath: //input[@type='checkbox']]
Session ID: 5889ef3ed63793d56adf30ae1fec2317
	at cucumber.api.testng.TestNGCucumberRunner.runCucumber(TestNGCucumberRunner.java:69)
	at cucumber.api.testng.AbstractTestNGCucumberTests.feature(AbstractTestNGCucumberTests.java:21)
Caused by: org.openqa.selenium.ElementClickInterceptedException: element click intercepted: Element <input _ngcontent-pqn-c69="" type="checkbox" name="gen_mail_institution" id="gen_mail_institution" value="1" class="form-check-input ng-untouched ng-pristine ng-valid"> is not clickable at point (131, 386). Other element would receive the click: <div class="swal2-container swal2-center swal2-backdrop-show" style="overflow-y: auto;">...</div>
  (Session info: chrome=121.0.6167.161)
Build info: version: '4.12.1', revision: '8e34639b11'
System info: os.name: 'Windows 10', os.arch: 'amd64', os.version: '10.0', java.version: '11.0.20'
Driver info: org.openqa.selenium.chrome.ChromeDriver
Command: [5889ef3ed63793d56adf30ae1fec2317, clickElement {id=F2214E6DC6B3640FED26B777B5883259_element_3706}]
Capabilities {acceptInsecureCerts: false, browserName: chrome, browserVersion: 121.0.6167.161, chrome: {chromedriverVersion: 121.0.6167.85 (3f98d690ad7e..., userDataDir: C:\Users\admin\AppData\Loca...}, fedcm:accounts: true, goog:chromeOptions: {debuggerAddress: localhost:51122}, networkConnectionEnabled: false, pageLoadStrategy: normal, platformName: windows, proxy: Proxy(), se:cdp: ws://localhost:51122/devtoo..., se:cdpVersion: 121.0.6167.161, setWindowRect: true, strictFileInteractability: false, timeouts: {implicit: 0, pageLoad: 300000, script: 30000}, unhandledPromptBehavior: dismiss and notify, webauthn:extension:credBlob: true, webauthn:extension:largeBlob: true, webauthn:extension:minPinLength: true, webauthn:extension:prf: true, webauthn:virtualAuthenticators: true}
Element: [[ChromeDriver: chrome on windows (5889ef3ed63793d56adf30ae1fec2317)] -> xpath: //input[@type='checkbox']]
Session ID: 5889ef3ed63793d56adf30ae1fec2317
	at org.openqa.selenium.remote.codec.w3c.W3CHttpResponseCodec.createException(W3CHttpResponseCodec.java:200)
	at org.openqa.selenium.remote.codec.w3c.W3CHttpResponseCodec.decode(W3CHttpResponseCodec.java:133)
	at org.openqa.selenium.remote.codec.w3c.W3CHttpResponseCodec.decode(W3CHttpResponseCodec.java:52)
	at org.openqa.selenium.remote.HttpCommandExecutor.execute(HttpCommandExecutor.java:191)
	at org.openqa.selenium.remote.service.DriverCommandExecutor.invokeExecute(DriverCommandExecutor.java:196)
	at org.openqa.selenium.remote.service.DriverCommandExecutor.execute(DriverCommandExecutor.java:171)
	at org.openqa.selenium.remote.RemoteWebDriver.execute(RemoteWebDriver.java:602)
	at org.openqa.selenium.remote.RemoteWebElement.execute(RemoteWebElement.java:224)
	at org.openqa.selenium.remote.RemoteWebElement.click(RemoteWebElement.java:77)
	at com.cucumber.PageObjects.UserBulkByUploadingPDFfilePageObjects.uploadthePDFfile(UserBulkByUploadingPDFfilePageObjects.java:69)
	at com.cucumber.stepdefination.UserBulkByUploadingPDFfileSteps.upload_the_PDF_file(UserBulkByUploadingPDFfileSteps.java:46)
	at âœ½.Then upload the PDF file(src/test/resources/features/UserBulkByUploadingPDFfile.feature:9)
... Removed 27 stack frames]]>
    </failure>
	</testcase> <!--
	feature -->
</testsuite> <!--
UserBulkByUploadingPDFfileChromeBrowser -->
