<?xml version="1.0" encoding="UTF-8"?>
<!-- Generated by org.testng.reporters.JUnitXMLReporter -->
<testsuite hostname="DESKTOP-DSBT63E" failures="1" tests="1"
	name="UserInternalPrintingCSVFileStudentEmailWithSpacesandDotsChromeBrowser"
	time="20.984" errors="0" timestamp="13 Feb 2024 11:36:16 GMT">
	<testcase
		classname="com.cucumber.TestRunner.UserInternalPrintingCSVFileStudentEmailWithSpacesandDotsRunner"
		name="feature" time="17.47">
		<failure type="cucumber.runtime.CucumberException"
			message="org.openqa.selenium.InvalidArgumentException: invalid argument: File not found : D:\intercsv 2.csv
  (Session info: chrome=121.0.6167.161)
Build info: version: &amp;apos;4.12.1&amp;apos;, revision: &amp;apos;8e34639b11&amp;apos;
System info: os.name: &amp;apos;Windows 10&amp;apos;, os.arch: &amp;apos;amd64&amp;apos;, os.version: &amp;apos;10.0&amp;apos;, java.version: &amp;apos;11.0.20&amp;apos;
Driver info: org.openqa.selenium.chrome.ChromeDriver
Command: [eb4c3fd1766bba4f10ed5a781cb353da, sendKeysToElement {id=09517F57E3765D447A76496F65A08DFE_element_2469, value=[Ljava.lang.CharSequence;@4de5d133}]
Capabilities {acceptInsecureCerts: false, browserName: chrome, browserVersion: 121.0.6167.161, chrome: {chromedriverVersion: 121.0.6167.85 (3f98d690ad7e..., userDataDir: C:\Users\admin\AppData\Loca...}, fedcm:accounts: true, goog:chromeOptions: {debuggerAddress: localhost:50467}, networkConnectionEnabled: false, pageLoadStrategy: normal, platformName: windows, proxy: Proxy(), se:cdp: ws://localhost:50467/devtoo..., se:cdpVersion: 121.0.6167.161, setWindowRect: true, strictFileInteractability: false, timeouts: {implicit: 0, pageLoad: 300000, script: 30000}, unhandledPromptBehavior: dismiss and notify, webauthn:extension:credBlob: true, webauthn:extension:largeBlob: true, webauthn:extension:minPinLength: true, webauthn:extension:prf: true, webauthn:virtualAuthenticators: true}
Element: [[ChromeDriver: chrome on windows (eb4c3fd1766bba4f10ed5a781cb353da)] -&amp;gt; xpath: //input[@type=&amp;apos;file&amp;apos;]]
Session ID: eb4c3fd1766bba4f10ed5a781cb353da">
      <![CDATA[cucumber.runtime.CucumberException: org.openqa.selenium.InvalidArgumentException: invalid argument: File not found : D:\intercsv 2.csv
  (Session info: chrome=121.0.6167.161)
Build info: version: '4.12.1', revision: '8e34639b11'
System info: os.name: 'Windows 10', os.arch: 'amd64', os.version: '10.0', java.version: '11.0.20'
Driver info: org.openqa.selenium.chrome.ChromeDriver
Command: [eb4c3fd1766bba4f10ed5a781cb353da, sendKeysToElement {id=09517F57E3765D447A76496F65A08DFE_element_2469, value=[Ljava.lang.CharSequence;@4de5d133}]
Capabilities {acceptInsecureCerts: false, browserName: chrome, browserVersion: 121.0.6167.161, chrome: {chromedriverVersion: 121.0.6167.85 (3f98d690ad7e..., userDataDir: C:\Users\admin\AppData\Loca...}, fedcm:accounts: true, goog:chromeOptions: {debuggerAddress: localhost:50467}, networkConnectionEnabled: false, pageLoadStrategy: normal, platformName: windows, proxy: Proxy(), se:cdp: ws://localhost:50467/devtoo..., se:cdpVersion: 121.0.6167.161, setWindowRect: true, strictFileInteractability: false, timeouts: {implicit: 0, pageLoad: 300000, script: 30000}, unhandledPromptBehavior: dismiss and notify, webauthn:extension:credBlob: true, webauthn:extension:largeBlob: true, webauthn:extension:minPinLength: true, webauthn:extension:prf: true, webauthn:virtualAuthenticators: true}
Element: [[ChromeDriver: chrome on windows (eb4c3fd1766bba4f10ed5a781cb353da)] -> xpath: //input[@type='file']]
Session ID: eb4c3fd1766bba4f10ed5a781cb353da
	at cucumber.api.testng.TestNGCucumberRunner.runCucumber(TestNGCucumberRunner.java:69)
	at cucumber.api.testng.AbstractTestNGCucumberTests.feature(AbstractTestNGCucumberTests.java:21)
Caused by: org.openqa.selenium.InvalidArgumentException: invalid argument: File not found : D:\intercsv 2.csv
  (Session info: chrome=121.0.6167.161)
Build info: version: '4.12.1', revision: '8e34639b11'
System info: os.name: 'Windows 10', os.arch: 'amd64', os.version: '10.0', java.version: '11.0.20'
Driver info: org.openqa.selenium.chrome.ChromeDriver
Command: [eb4c3fd1766bba4f10ed5a781cb353da, sendKeysToElement {id=09517F57E3765D447A76496F65A08DFE_element_2469, value=[Ljava.lang.CharSequence;@4de5d133}]
Capabilities {acceptInsecureCerts: false, browserName: chrome, browserVersion: 121.0.6167.161, chrome: {chromedriverVersion: 121.0.6167.85 (3f98d690ad7e..., userDataDir: C:\Users\admin\AppData\Loca...}, fedcm:accounts: true, goog:chromeOptions: {debuggerAddress: localhost:50467}, networkConnectionEnabled: false, pageLoadStrategy: normal, platformName: windows, proxy: Proxy(), se:cdp: ws://localhost:50467/devtoo..., se:cdpVersion: 121.0.6167.161, setWindowRect: true, strictFileInteractability: false, timeouts: {implicit: 0, pageLoad: 300000, script: 30000}, unhandledPromptBehavior: dismiss and notify, webauthn:extension:credBlob: true, webauthn:extension:largeBlob: true, webauthn:extension:minPinLength: true, webauthn:extension:prf: true, webauthn:virtualAuthenticators: true}
Element: [[ChromeDriver: chrome on windows (eb4c3fd1766bba4f10ed5a781cb353da)] -> xpath: //input[@type='file']]
Session ID: eb4c3fd1766bba4f10ed5a781cb353da
	at org.openqa.selenium.remote.codec.w3c.W3CHttpResponseCodec.createException(W3CHttpResponseCodec.java:200)
	at org.openqa.selenium.remote.codec.w3c.W3CHttpResponseCodec.decode(W3CHttpResponseCodec.java:133)
	at org.openqa.selenium.remote.codec.w3c.W3CHttpResponseCodec.decode(W3CHttpResponseCodec.java:52)
	at org.openqa.selenium.remote.HttpCommandExecutor.execute(HttpCommandExecutor.java:191)
	at org.openqa.selenium.remote.service.DriverCommandExecutor.invokeExecute(DriverCommandExecutor.java:196)
	at org.openqa.selenium.remote.service.DriverCommandExecutor.execute(DriverCommandExecutor.java:171)
	at org.openqa.selenium.remote.RemoteWebDriver.execute(RemoteWebDriver.java:602)
	at org.openqa.selenium.remote.RemoteWebElement.execute(RemoteWebElement.java:224)
	at org.openqa.selenium.remote.RemoteWebElement.sendKeys(RemoteWebElement.java:111)
	at com.cucumber.PageObjects.UserInternalPrintingCSVFileStudentEmailWithSpacesandDotsPageObjects.ClickbyuploadtheinvalidCSVFile(UserInternalPrintingCSVFileStudentEmailWithSpacesandDotsPageObjects.java:59)
	at com.cucumber.stepdefination.UserInternalPrintingCSVFileStudentEmailWithSpacesandDotsSteps.click_by_upload_the_invalid_CSV_File(UserInternalPrintingCSVFileStudentEmailWithSpacesandDotsSteps.java:43)
	at âœ½.Then Click by upload the invalid CSV File(src/test/resources/features/UserInternalPrintingCSVFileStudentEmailWithSpacesandDots.feature:9)
... Removed 27 stack frames]]>
    </failure>
	</testcase> <!--
	feature -->
</testsuite> <!--
UserInternalPrintingCSVFileStudentEmailWithSpacesandDotsChromeBrowser -->
