<?xml version="1.0" encoding="UTF-8"?>
<!-- Generated by org.testng.reporters.JUnitXMLReporter -->
<testsuite hostname="DESKTOP-DSBT63E" failures="1" tests="1"
	name="UserGenSingleByUploadingDOCfileChromeBrowser" time="38.531" errors="0"
	timestamp="13 Feb 2024 11:45:04 GMT">
	<testcase
		classname="com.cucumber.TestRunner.UserGenSingleByUploadingDOCfileRunner"
		name="feature" time="34.155">
		<failure type="cucumber.runtime.CucumberException"
			message="org.openqa.selenium.InvalidArgumentException: invalid argument: File not found : D:\DWSample1-DOC 1.doc
  (Session info: chrome=121.0.6167.161)
Build info: version: &amp;apos;4.12.1&amp;apos;, revision: &amp;apos;8e34639b11&amp;apos;
System info: os.name: &amp;apos;Windows 10&amp;apos;, os.arch: &amp;apos;amd64&amp;apos;, os.version: &amp;apos;10.0&amp;apos;, java.version: &amp;apos;11.0.20&amp;apos;
Driver info: org.openqa.selenium.chrome.ChromeDriver
Command: [ca2ff68d402336b2fbc74047af1ab0a6, sendKeysToElement {id=B4DFF91EB995052A2A2090AF1F92CFAE_element_3282, value=[Ljava.lang.CharSequence;@72fa7b1d}]
Capabilities {acceptInsecureCerts: false, browserName: chrome, browserVersion: 121.0.6167.161, chrome: {chromedriverVersion: 121.0.6167.85 (3f98d690ad7e..., userDataDir: C:\Users\admin\AppData\Loca...}, fedcm:accounts: true, goog:chromeOptions: {debuggerAddress: localhost:51490}, networkConnectionEnabled: false, pageLoadStrategy: normal, platformName: windows, proxy: Proxy(), se:cdp: ws://localhost:51490/devtoo..., se:cdpVersion: 121.0.6167.161, setWindowRect: true, strictFileInteractability: false, timeouts: {implicit: 0, pageLoad: 300000, script: 30000}, unhandledPromptBehavior: dismiss and notify, webauthn:extension:credBlob: true, webauthn:extension:largeBlob: true, webauthn:extension:minPinLength: true, webauthn:extension:prf: true, webauthn:virtualAuthenticators: true}
Element: [[ChromeDriver: chrome on windows (ca2ff68d402336b2fbc74047af1ab0a6)] -&amp;gt; xpath: //input[@id=&amp;apos;Uploadfile&amp;apos;]]
Session ID: ca2ff68d402336b2fbc74047af1ab0a6">
      <![CDATA[cucumber.runtime.CucumberException: org.openqa.selenium.InvalidArgumentException: invalid argument: File not found : D:\DWSample1-DOC 1.doc
  (Session info: chrome=121.0.6167.161)
Build info: version: '4.12.1', revision: '8e34639b11'
System info: os.name: 'Windows 10', os.arch: 'amd64', os.version: '10.0', java.version: '11.0.20'
Driver info: org.openqa.selenium.chrome.ChromeDriver
Command: [ca2ff68d402336b2fbc74047af1ab0a6, sendKeysToElement {id=B4DFF91EB995052A2A2090AF1F92CFAE_element_3282, value=[Ljava.lang.CharSequence;@72fa7b1d}]
Capabilities {acceptInsecureCerts: false, browserName: chrome, browserVersion: 121.0.6167.161, chrome: {chromedriverVersion: 121.0.6167.85 (3f98d690ad7e..., userDataDir: C:\Users\admin\AppData\Loca...}, fedcm:accounts: true, goog:chromeOptions: {debuggerAddress: localhost:51490}, networkConnectionEnabled: false, pageLoadStrategy: normal, platformName: windows, proxy: Proxy(), se:cdp: ws://localhost:51490/devtoo..., se:cdpVersion: 121.0.6167.161, setWindowRect: true, strictFileInteractability: false, timeouts: {implicit: 0, pageLoad: 300000, script: 30000}, unhandledPromptBehavior: dismiss and notify, webauthn:extension:credBlob: true, webauthn:extension:largeBlob: true, webauthn:extension:minPinLength: true, webauthn:extension:prf: true, webauthn:virtualAuthenticators: true}
Element: [[ChromeDriver: chrome on windows (ca2ff68d402336b2fbc74047af1ab0a6)] -> xpath: //input[@id='Uploadfile']]
Session ID: ca2ff68d402336b2fbc74047af1ab0a6
	at cucumber.api.testng.TestNGCucumberRunner.runCucumber(TestNGCucumberRunner.java:69)
	at cucumber.api.testng.AbstractTestNGCucumberTests.feature(AbstractTestNGCucumberTests.java:21)
Caused by: org.openqa.selenium.InvalidArgumentException: invalid argument: File not found : D:\DWSample1-DOC 1.doc
  (Session info: chrome=121.0.6167.161)
Build info: version: '4.12.1', revision: '8e34639b11'
System info: os.name: 'Windows 10', os.arch: 'amd64', os.version: '10.0', java.version: '11.0.20'
Driver info: org.openqa.selenium.chrome.ChromeDriver
Command: [ca2ff68d402336b2fbc74047af1ab0a6, sendKeysToElement {id=B4DFF91EB995052A2A2090AF1F92CFAE_element_3282, value=[Ljava.lang.CharSequence;@72fa7b1d}]
Capabilities {acceptInsecureCerts: false, browserName: chrome, browserVersion: 121.0.6167.161, chrome: {chromedriverVersion: 121.0.6167.85 (3f98d690ad7e..., userDataDir: C:\Users\admin\AppData\Loca...}, fedcm:accounts: true, goog:chromeOptions: {debuggerAddress: localhost:51490}, networkConnectionEnabled: false, pageLoadStrategy: normal, platformName: windows, proxy: Proxy(), se:cdp: ws://localhost:51490/devtoo..., se:cdpVersion: 121.0.6167.161, setWindowRect: true, strictFileInteractability: false, timeouts: {implicit: 0, pageLoad: 300000, script: 30000}, unhandledPromptBehavior: dismiss and notify, webauthn:extension:credBlob: true, webauthn:extension:largeBlob: true, webauthn:extension:minPinLength: true, webauthn:extension:prf: true, webauthn:virtualAuthenticators: true}
Element: [[ChromeDriver: chrome on windows (ca2ff68d402336b2fbc74047af1ab0a6)] -> xpath: //input[@id='Uploadfile']]
Session ID: ca2ff68d402336b2fbc74047af1ab0a6
	at org.openqa.selenium.remote.codec.w3c.W3CHttpResponseCodec.createException(W3CHttpResponseCodec.java:200)
	at org.openqa.selenium.remote.codec.w3c.W3CHttpResponseCodec.decode(W3CHttpResponseCodec.java:133)
	at org.openqa.selenium.remote.codec.w3c.W3CHttpResponseCodec.decode(W3CHttpResponseCodec.java:52)
	at org.openqa.selenium.remote.HttpCommandExecutor.execute(HttpCommandExecutor.java:191)
	at org.openqa.selenium.remote.service.DriverCommandExecutor.invokeExecute(DriverCommandExecutor.java:196)
	at org.openqa.selenium.remote.service.DriverCommandExecutor.execute(DriverCommandExecutor.java:171)
	at org.openqa.selenium.remote.RemoteWebDriver.execute(RemoteWebDriver.java:602)
	at org.openqa.selenium.remote.RemoteWebElement.execute(RemoteWebElement.java:224)
	at org.openqa.selenium.remote.RemoteWebElement.sendKeys(RemoteWebElement.java:111)
	at com.cucumber.PageObjects.UserGenSingleByUploadingDOCfilePageObjects.UploadDOCfileintoUploadthedocumentfield(UserGenSingleByUploadingDOCfilePageObjects.java:109)
	at com.cucumber.stepdefination.UserGenSingleByUploadingDOCfileSteps.upload_DOC_file_into_Upload_the_document_field(UserGenSingleByUploadingDOCfileSteps.java:53)
	at âœ½.Then Upload DOC file into Upload the document field(src/test/resources/features/UserGenSingleByUploadingDOCfile.feature:10)
... Removed 27 stack frames]]>
    </failure>
	</testcase> <!--
	feature -->
</testsuite> <!--
UserGenSingleByUploadingDOCfileChromeBrowser -->
